<?xml version="1.0" encoding="UTF-8"?>
<!-- Generated by org.testng.reporters.JUnitReportReporter -->
<testsuite skipped="0" hostname="DESKTOP-1LKOS4U" name="qaclickacademy.SeleniumTest" tests="2" failures="0" timestamp="2020-05-30T21:21:33 IST" time="0.000" errors="0">
  <testcase name="functionaltesting" time="0.000" classname="qaclickacademy.SeleniumTest"/>
  <system-out/>
  <testcase name="websitetesting" time="0.000" classname="qaclickacademy.SeleniumTest"/>
  <system-out/>
</testsuite> <!-- qaclickacademy.SeleniumTest -->
