<?xml version="1.0" encoding="UTF-8"?>
<!-- Generated by org.testng.reporters.JUnitReportReporter -->
<testsuite skipped="0" hostname="DESKTOP-1LKOS4U" name="qaclickacademy.RestAPITest" tests="2" failures="0" timestamp="2020-05-30T21:21:33 IST" time="0.000" errors="0">
  <testcase name="Salesforce" time="0.000" classname="qaclickacademy.RestAPITest"/>
  <system-out/>
  <testcase name="AWS" time="0.000" classname="qaclickacademy.RestAPITest"/>
  <system-out/>
</testsuite> <!-- qaclickacademy.RestAPITest -->
